<?xml version="1.0" encoding="UTF-8"?>
<!-- Generated by org.testng.reporters.JUnitReportReporter -->
<testsuite hostname="lenovo-PC" name="webtable.PageScrolling" tests="1" failures="0" timestamp="7 Jun 2020 23:02:44 GMT" time="86.471" errors="0">
  <testcase name="scroll" time="86.471" classname="webtable.PageScrolling"/>
</testsuite> <!-- webtable.PageScrolling -->
