<?xml version="1.0" encoding="UTF-8"?>
<!-- Generated by org.testng.reporters.JUnitReportReporter -->
<testsuite hostname="lenovo-PC" name="webtable.PrintHeaders" tests="1" failures="0" timestamp="18 Jun 2020 23:15:07 GMT" time="5.541" errors="0">
  <testcase name="headers" time="5.541" classname="webtable.PrintHeaders"/>
</testsuite> <!-- webtable.PrintHeaders -->
