<?xml version="1.0" encoding="UTF-8"?>
<!-- Generated by org.testng.reporters.JUnitReportReporter -->
<testsuite hostname="lenovo-PC" name="webtable.FetchPriceIfElse" tests="1" failures="0" timestamp="7 Jun 2020 20:22:20 GMT" time="3.412" errors="0">
  <testcase name="headers" time="3.412" classname="webtable.FetchPriceIfElse"/>
</testsuite> <!-- webtable.FetchPriceIfElse -->
