<?xml version="1.0" encoding="UTF-8"?>
<!-- Generated by org.testng.reporters.JUnitReportReporter -->
<testsuite hostname="lenovo-PC" name="webtable.PrintPriceOfAuthor" tests="1" failures="0" timestamp="7 Jun 2020 19:06:34 GMT" time="3.315" errors="0">
  <testcase name="headers" time="3.315" classname="webtable.PrintPriceOfAuthor"/>
</testsuite> <!-- webtable.PrintPriceOfAuthor -->
