<?xml version="1.0" encoding="UTF-8"?>
<!-- Generated by org.testng.reporters.JUnitReportReporter -->
<testsuite hostname="lenovo-PC" name="webtable.PrintAllRowValue" tests="1" failures="0" timestamp="7 Jun 2020 18:41:19 GMT" time="3.275" errors="0">
  <testcase name="headers" time="3.275" classname="webtable.PrintAllRowValue"/>
</testsuite> <!-- webtable.PrintAllRowValue -->
